Arguments: 
  /Users/vrishank/.nvm/versions/node/v17.5.0/bin/node /Users/vrishank/.yarn/bin/yarn.js add @f1shy-dev/srp.js

PATH: 
  /Users/vrishank/.bun/bin:/usr/local/opt/libimobiledevice/bin:/usr/local/opt/libxml2/bin:/usr/local/opt/libxml2/bin:/Users/vrishank/.nvm/versions/node/v17.5.0/bin:/Users/vrishank/.yarn/bin:/Users/vrishank/.config/yarn/global/node_modules/.bin:/usr/local/sbin:/Users/vrishank/Documents/FlutterSDK/bin:/Library/Frameworks/Python.framework/Versions/3.9/bin:/opt/local/bin:/opt/local/sbin:/Users/vrishank/Azule:/usr/local/bin:/usr/bin:/bin:/usr/sbin:/sbin:/Library/CustomScripts:/Users/vrishank/Library/Python/3.8/bin:/Applications/VMware Fusion.app/Contents/Public:/usr/local/share/dotnet:/opt/X11/bin:/Library/Apple/usr/bin:/Library/Frameworks/Mono.framework/Versions/Current/Commands:/Applications/Xamarin Workbooks.app/Contents/SharedSupport/path-bin:/Users/vrishank/.bun/bin:/usr/local/opt/libimobiledevice/bin:/usr/local/opt/libxml2/bin:/Users/vrishank/.nvm/versions/node/v17.5.0/bin:/Users/vrishank/.yarn/bin:/Users/vrishank/.config/yarn/global/node_modules/.bin:/usr/local/sbin:/Users/vrishank/Documents/FlutterSDK/bin:/Library/Frameworks/Python.framework/Versions/3.9/bin:/opt/local/bin:/opt/local/sbin:/Users/vrishank/Azule:/Users/vrishank/.cargo/bin:/Users/vrishank/.fig/bin:/Users/vrishank/.local/bin:/Users/vrishank/Library/Python/3.9/bin:/Users/vrishank/.spicetify:/Users/vrishank/.fzf/bin:/Users/vrishank/.local/bin:/Users/vrishank/Library/Python/3.9/bin:/usr/bin:/usr/local/bin:/usr/sbin:/sbin:/Users/vrishank/.local/bin:/Library/CustomScripts::/Users/vrishank/.spicetify

Yarn version: 
  1.22.19

Node version: 
  17.5.0

Platform: 
  darwin x64

Trace: 
  Error: https://registry.yarnpkg.com/@f1shy-dev%2fsrp.js: Not found
      at Request.params.callback [as _callback] (/Users/vrishank/.yarn/lib/cli.js:66145:18)
      at Request.self.callback (/Users/vrishank/.yarn/lib/cli.js:140890:22)
      at Request.emit (node:events:526:28)
      at Request.<anonymous> (/Users/vrishank/.yarn/lib/cli.js:141862:10)
      at Request.emit (node:events:526:28)
      at IncomingMessage.<anonymous> (/Users/vrishank/.yarn/lib/cli.js:141784:12)
      at Object.onceWrapper (node:events:645:28)
      at IncomingMessage.emit (node:events:538:35)
      at endReadableNT (node:internal/streams/readable:1342:12)
      at processTicksAndRejections (node:internal/process/task_queues:83:21)

npm manifest: 
  No manifest

yarn manifest: 
  No manifest

Lockfile: 
  # THIS IS AN AUTOGENERATED FILE. DO NOT EDIT THIS FILE DIRECTLY.
  # yarn lockfile v1
